app/build/outputs/logs/manifest-merger-debug-report.txt
-- Merging decision tree log ---
manifest
ADDED from src/main/AndroidManifest.xml:2:1-55:12
	package
		ADDED from src/main/AndroidManifest.xml:3:5-34
		INJECTED from src/main/AndroidManifest.xml
		INJECTED from src/main/AndroidManifest.xml
	android:versionName
		INJECTED from src/main/AndroidManifest.xml
		INJECTED from src/main/AndroidManifest.xml
	xmlns:android
		ADDED from src/main/AndroidManifest.xml:2:11-69
	android:versionCode
		INJECTED from src/main/AndroidManifest.xml
		INJECTED from src/main/AndroidManifest.xml
application
ADDED from src/main/AndroidManifest.xml:5:5-53:19
MERGED from [com.android.support:design:23.1.1] AndroidManifest.xml:22:5-20
MERGED from [com.android.support:appcompat-v7:23.1.1] AndroidManifest.xml:22:5-20
MERGED from [com.android.support:support-v4:23.1.1] AndroidManifest.xml:22:5-20
	android:label
		ADDED from src/main/AndroidManifest.xml:8:9-41
	android:supportsRtl
		ADDED from src/main/AndroidManifest.xml:9:9-35
	android:allowBackup
		ADDED from src/main/AndroidManifest.xml:6:9-35
	android:icon
		ADDED from src/main/AndroidManifest.xml:7:9-43
	android:theme
		ADDED from src/main/AndroidManifest.xml:10:9-40
activity#com.go.aravind.code.MainActivity
ADDED from src/main/AndroidManifest.xml:11:9-20:20
	android:label
		ADDED from src/main/AndroidManifest.xml:13:13-45
	android:theme
		ADDED from src/main/AndroidManifest.xml:14:13-56
	android:name
		ADDED from src/main/AndroidManifest.xml:12:13-41
intent-filter#android.intent.action.MAIN+android.intent.category.LAUNCHER
ADDED from src/main/AndroidManifest.xml:15:13-19:29
action#android.intent.action.MAIN
ADDED from src/main/AndroidManifest.xml:16:17-69
	android:name
		ADDED from src/main/AndroidManifest.xml:16:25-66
category#android.intent.category.LAUNCHER
ADDED from src/main/AndroidManifest.xml:18:17-77
	android:name
		ADDED from src/main/AndroidManifest.xml:18:27-74
activity#com.go.aravind.code.Choice
ADDED from src/main/AndroidManifest.xml:21:9-24:59
	android:label
		ADDED from src/main/AndroidManifest.xml:23:13-58
	android:theme
		ADDED from src/main/AndroidManifest.xml:24:13-56
	android:name
		ADDED from src/main/AndroidManifest.xml:22:13-35
activity#com.go.aravind.code.TutChoice
ADDED from src/main/AndroidManifest.xml:25:9-28:59
	android:label
		ADDED from src/main/AndroidManifest.xml:27:13-62
	android:theme
		ADDED from src/main/AndroidManifest.xml:28:13-56
	android:name
		ADDED from src/main/AndroidManifest.xml:26:13-38
activity#com.go.aravind.code.Questions
ADDED from src/main/AndroidManifest.xml:29:9-32:59
	android:label
		ADDED from src/main/AndroidManifest.xml:31:13-61
	android:theme
		ADDED from src/main/AndroidManifest.xml:32:13-56
	android:name
		ADDED from src/main/AndroidManifest.xml:30:13-38
activity#com.go.aravind.code.Question2
ADDED from src/main/AndroidManifest.xml:33:9-36:59
	android:label
		ADDED from src/main/AndroidManifest.xml:35:13-61
	android:theme
		ADDED from src/main/AndroidManifest.xml:36:13-56
	android:name
		ADDED from src/main/AndroidManifest.xml:34:13-38
activity#com.go.aravind.code.Result
ADDED from src/main/AndroidManifest.xml:37:9-40:59
	android:label
		ADDED from src/main/AndroidManifest.xml:39:13-58
	android:theme
		ADDED from src/main/AndroidManifest.xml:40:13-56
	android:name
		ADDED from src/main/AndroidManifest.xml:38:13-35
activity#com.go.aravind.code.Question3
ADDED from src/main/AndroidManifest.xml:41:9-44:59
	android:label
		ADDED from src/main/AndroidManifest.xml:43:13-61
	android:theme
		ADDED from src/main/AndroidManifest.xml:44:13-56
	android:name
		ADDED from src/main/AndroidManifest.xml:42:13-38
activity#com.go.aravind.code.Question4
ADDED from src/main/AndroidManifest.xml:45:9-48:59
	android:label
		ADDED from src/main/AndroidManifest.xml:47:13-61
	android:theme
		ADDED from src/main/AndroidManifest.xml:48:13-56
	android:name
		ADDED from src/main/AndroidManifest.xml:46:13-38
activity#com.go.aravind.code.Question5
ADDED from src/main/AndroidManifest.xml:49:9-52:68
	android:label
		ADDED from src/main/AndroidManifest.xml:51:13-61
	android:theme
		ADDED from src/main/AndroidManifest.xml:52:13-56
	android:name
		ADDED from src/main/AndroidManifest.xml:50:13-38
uses-sdk
INJECTED from src/main/AndroidManifest.xml reason: use-sdk injection requested
MERGED from [com.android.support:design:23.1.1] AndroidManifest.xml:20:5-43
MERGED from [com.android.support:appcompat-v7:23.1.1] AndroidManifest.xml:20:5-43
MERGED from [com.android.support:recyclerview-v7:23.1.1] AndroidManifest.xml:20:5-43
MERGED from [com.android.support:support-v4:23.1.1] AndroidManifest.xml:20:5-43
	android:targetSdkVersion
		INJECTED from src/main/AndroidManifest.xml
		INJECTED from src/main/AndroidManifest.xml
	android:minSdkVersion
		INJECTED from src/main/AndroidManifest.xml
		INJECTED from src/main/AndroidManifest.xml